2025-05-06 16:00:55 | INFO | [INFO] Initialized TimeSformerEpochBasedWithAugmentationExecutor on GPU cuda:0
2025-05-06 16:00:55 | INFO | Start training
2025-05-06 16:00:55 | INFO | Unfrozen backbone
2025-05-06 16:40:22 | INFO | Epoch [1][00:39:27] loss: 0.2672
2025-05-06 16:44:55 | INFO | [INFO] Test mAP: 26.03
2025-05-06 16:44:55 | INFO | [INFO] Test Acc: 90.32
2025-05-06 16:44:55 | INFO | [INFO] Test weighted Accuracy: 90.32
2025-05-06 16:44:55 | INFO | [INFO] Test micro v1 mAP: 45.90
2025-05-06 16:44:55 | INFO | [INFO] Test weighted v1 mAP: 65.37
2025-05-06 16:44:55 | INFO | [INFO] mAP: 26.03
2025-05-06 16:44:55 | INFO | [INFO] Acc: 90.32
2025-05-06 16:44:55 | INFO | [INFO] weighted Accuracy: 90.32
2025-05-06 16:44:55 | INFO | [INFO] micro v1 mAP: 45.90
2025-05-06 16:44:55 | INFO | [INFO] weighted v1 mAP: 65.37
2025-05-06 20:27:46 | INFO | [INFO] Initialized TimeSformerEpochBasedWithAugmentationExecutor on GPU cuda:0
2025-05-06 20:27:46 | INFO | Start training
2025-05-06 20:27:46 | INFO | Unfrozen backbone
2025-05-06 22:55:40 | INFO | Epoch [1][02:27:54] loss: 0.2476
2025-05-06 23:09:32 | INFO | [INFO] Test mAP: 16.29
2025-05-06 23:09:32 | INFO | [INFO] Test Acc: 91.65
2025-05-06 23:09:32 | INFO | [INFO] Test weighted Accuracy: 91.65
2025-05-06 23:09:32 | INFO | [INFO] Test micro v1 mAP: 63.48
2025-05-06 23:09:32 | INFO | [INFO] Test weighted v1 mAP: 91.14
2025-05-06 23:09:32 | INFO | [INFO] mAP: 16.29
2025-05-06 23:09:32 | INFO | [INFO] Acc: 91.65
2025-05-06 23:09:32 | INFO | [INFO] weighted Accuracy: 91.65
2025-05-06 23:09:32 | INFO | [INFO] micro v1 mAP: 63.48
2025-05-06 23:09:32 | INFO | [INFO] weighted v1 mAP: 91.14
2025-05-06 23:21:08 | INFO | [INFO] Initialized TimeSformerEpochBasedWithAugmentationExecutor on GPU cuda:0
2025-05-06 23:21:08 | INFO | Start training
2025-05-06 23:21:08 | INFO | Unfrozen backbone
2025-05-07 01:47:11 | INFO | Epoch [1][02:26:03] loss: 0.2478
2025-05-07 01:58:53 | INFO | [INFO] Test mAP: 16.26
2025-05-07 01:58:53 | INFO | [INFO] Test Acc: 91.59
2025-05-07 01:58:53 | INFO | [INFO] Test weighted Accuracy: 91.59
2025-05-07 01:58:53 | INFO | [INFO] Test micro v1 mAP: 63.11
2025-05-07 01:58:53 | INFO | [INFO] Test weighted v1 mAP: 91.09
2025-05-07 01:58:53 | INFO | [INFO] mAP: 16.26
2025-05-07 01:58:53 | INFO | [INFO] Acc: 91.59
2025-05-07 01:58:53 | INFO | [INFO] weighted Accuracy: 91.59
2025-05-07 01:58:53 | INFO | [INFO] micro v1 mAP: 63.11
2025-05-07 01:58:53 | INFO | [INFO] weighted v1 mAP: 91.09
2025-05-07 02:11:14 | INFO | [INFO] Test mAP: 16.26
2025-05-07 02:11:14 | INFO | [INFO] Test Acc: 91.59
2025-05-07 02:11:14 | INFO | [INFO] Test weighted Accuracy: 91.59
2025-05-07 02:11:14 | INFO | [INFO] Test micro v1 mAP: 63.11
2025-05-07 02:11:14 | INFO | [INFO] Test weighted v1 mAP: 91.09
2025-05-07 02:11:20 | INFO | MultiLabel Average Precision: 16.263
2025-05-07 02:11:20 | INFO | MultiLabel Accuracy: 91.588
2025-05-07 02:11:20 | INFO | Micro Average Precision: 63.109
2025-05-07 02:11:20 | INFO | Mean Average Precision: 91.090
2025-05-07 08:00:51 | INFO | [INFO] Initialized TimeSformerEpochBasedWithAugmentationExecutor on GPU cuda:0
2025-05-07 08:00:51 | INFO | Start training
2025-05-07 08:00:51 | INFO | Unfrozen backbone
2025-05-07 08:03:42 | INFO | [INFO] Initialized TimeSformerEpochBasedWithAugmentationExecutor on GPU cuda:0
2025-05-07 08:03:42 | INFO | Start training
2025-05-07 08:03:42 | INFO | Unfrozen backbone
2025-05-07 08:36:23 | INFO | [INFO] Initialized TimeSformerEpochBasedWithAugmentationExecutor on GPU cuda:0
2025-05-07 08:36:23 | INFO | Start training
2025-05-07 08:36:23 | INFO | Unfrozen backbone
2025-05-07 08:45:26 | INFO | [INFO] Initialized TimeSformerEpochBasedWithAugmentationExecutor on GPU cuda:0
2025-05-07 08:45:26 | INFO | Start training
2025-05-07 08:45:26 | INFO | Unfrozen backbone
2025-05-07 08:47:19 | INFO | [INFO] Initialized TimeSformerEpochBasedWithAugmentationExecutor on GPU cuda:0
2025-05-07 08:47:19 | INFO | Start training
2025-05-07 08:47:19 | INFO | Unfrozen backbone
2025-05-07 09:08:29 | INFO | [INFO] Initialized TimeSformerEpochBasedWithAugmentationExecutor on GPU cuda:0
2025-05-07 09:08:29 | INFO | Start training
2025-05-07 09:08:29 | INFO | Unfrozen backbone
2025-05-07 12:52:43 | INFO | [INFO] Initialized TimeSformerEpochBasedWithAugmentationExecutor on GPU cuda:0
2025-05-07 12:52:43 | INFO | Start training
2025-05-07 12:52:43 | INFO | Unfrozen backbone
2025-05-07 13:10:11 | INFO | [INFO] Initialized TimeSformerEpochBasedWithAugmentationExecutor on GPU cuda:0
2025-05-07 13:10:11 | INFO | Start training
2025-05-07 13:10:11 | INFO | Unfrozen backbone
2025-05-07 13:19:08 | INFO | [INFO] Initialized TimeSformerEpochBasedWithAugmentationExecutor on GPU cuda:0
2025-05-07 13:19:08 | INFO | Start training
2025-05-07 13:19:08 | INFO | Unfrozen backbone
2025-05-07 13:30:55 | INFO | [INFO] Initialized TimeSformerEpochBasedWithAugmentationExecutor on GPU cuda:0
2025-05-07 13:30:55 | INFO | Start training
2025-05-07 13:30:55 | INFO | Unfrozen backbone
2025-05-07 14:00:03 | INFO | [INFO] Initialized TimeSformerEpochBasedWithAugmentationExecutor on GPU cuda:0
2025-05-07 14:00:03 | INFO | Start training
2025-05-07 14:00:03 | INFO | Unfrozen backbone
2025-05-07 18:06:48 | INFO | Epoch [1][04:35:52] loss: 0.2608
2025-05-07 18:54:06 | INFO | [INFO] Test mAP: 16.07
2025-05-07 18:54:06 | INFO | [INFO] Test Acc: 91.24
2025-05-07 18:54:06 | INFO | [INFO] Test weighted Accuracy: 91.24
2025-05-07 18:54:06 | INFO | [INFO] Test micro v1 mAP: 61.12
2025-05-07 18:54:06 | INFO | [INFO] Test weighted v1 mAP: 90.88
2025-05-07 18:54:06 | INFO | [INFO] mAP: 16.07
2025-05-07 18:54:06 | INFO | [INFO] Acc: 91.24
2025-05-07 18:54:06 | INFO | [INFO] weighted Accuracy: 91.24
2025-05-07 18:54:06 | INFO | [INFO] micro v1 mAP: 61.12
2025-05-07 18:54:06 | INFO | [INFO] weighted v1 mAP: 90.88
2025-05-07 19:34:34 | INFO | [INFO] Test mAP: 16.07
2025-05-07 19:34:34 | INFO | [INFO] Test Acc: 91.24
2025-05-07 19:34:34 | INFO | [INFO] Test weighted Accuracy: 91.24
2025-05-07 19:34:34 | INFO | [INFO] Test micro v1 mAP: 61.12
2025-05-07 19:34:34 | INFO | [INFO] Test weighted v1 mAP: 90.88
2025-05-07 19:34:46 | INFO | MultiLabel Average Precision: 16.074
2025-05-07 19:34:46 | INFO | MultiLabel Accuracy: 91.238
2025-05-07 19:34:46 | INFO | Micro Average Precision: 61.123
2025-05-07 19:34:46 | INFO | Mean Average Precision: 90.883
2025-05-07 22:35:37 | INFO | [INFO] Initialized TimeSformerEpochBasedWithAugmentationExecutor on GPU cuda:0
2025-05-07 22:35:37 | INFO | Start training
2025-05-07 22:35:37 | INFO | Unfrozen backbone
2025-05-07 22:46:46 | INFO | [INFO] Initialized TimeSformerEpochBasedWithAugmentationExecutor on GPU cuda:0
2025-05-07 22:46:46 | INFO | Start training
2025-05-07 22:46:46 | INFO | Unfrozen backbone
2025-05-08 04:21:06 | INFO | Epoch [1][05:34:19] loss: 2.3248
2025-05-08 04:44:27 | INFO | [INFO] Test mAP: 15.98
2025-05-08 04:44:27 | INFO | [INFO] Test Acc: 91.00
2025-05-08 04:44:27 | INFO | [INFO] Test weighted Accuracy: 91.00
2025-05-08 04:44:27 | INFO | [INFO] Test micro v1 mAP: 59.04
2025-05-08 04:44:27 | INFO | [INFO] Test weighted v1 mAP: 89.62
2025-05-08 04:44:27 | INFO | [INFO] mAP: 15.98
2025-05-08 04:44:27 | INFO | [INFO] Acc: 91.00
2025-05-08 04:44:27 | INFO | [INFO] weighted Accuracy: 91.00
2025-05-08 04:44:27 | INFO | [INFO] micro v1 mAP: 59.04
2025-05-08 04:44:27 | INFO | [INFO] weighted v1 mAP: 89.62
2025-05-08 04:58:41 | INFO | [INFO] Test mAP: 15.98
2025-05-08 04:58:41 | INFO | [INFO] Test Acc: 91.00
2025-05-08 04:58:41 | INFO | [INFO] Test weighted Accuracy: 91.00
2025-05-08 04:58:41 | INFO | [INFO] Test micro v1 mAP: 59.04
2025-05-08 04:58:41 | INFO | [INFO] Test weighted v1 mAP: 89.62
2025-05-08 04:58:53 | INFO | MultiLabel Average Precision: 15.982
2025-05-08 04:58:53 | INFO | MultiLabel Accuracy: 90.998
2025-05-08 04:58:53 | INFO | Micro Average Precision: 59.045
2025-05-08 04:58:53 | INFO | Mean Average Precision: 89.620
2025-05-08 09:50:48 | INFO | MultimodalMixupAugmentation is initialized
2025-05-08 09:50:53 | INFO | [INFO] Initialized VAFusionExecuter on GPU cuda:0
2025-05-08 09:50:53 | INFO | Start training
2025-05-08 09:50:53 | INFO | Phase 1: Freezing backbone and AST, training only fusion and classifier
2025-05-08 10:14:01 | INFO | MultimodalMixupAugmentation is initialized
2025-05-08 10:14:04 | INFO | [INFO] Initialized VAFusionExecuter on GPU cuda:0
2025-05-08 10:14:04 | INFO | Start training
2025-05-08 10:14:04 | INFO | Phase 1: Freezing backbone and AST, training only fusion and classifier
2025-05-08 10:20:17 | INFO | MultimodalMixupAugmentation is initialized
2025-05-08 10:20:22 | INFO | [INFO] Initialized VAFusionExecuter on GPU cuda:0
2025-05-08 10:20:22 | INFO | Start training
2025-05-08 10:20:22 | INFO | Phase 1: Freezing backbone and AST, training only fusion and classifier
2025-05-08 10:31:10 | INFO | MultimodalMixupAugmentation is initialized
2025-05-08 10:31:13 | INFO | [INFO] Initialized VAFusionExecuter on GPU cuda:0
2025-05-08 10:31:13 | INFO | Start training
2025-05-08 10:31:13 | INFO | Phase 1: Freezing backbone and AST, training only fusion and classifier
2025-05-08 12:30:37 | INFO | MultimodalMixupAugmentation is initialized
2025-05-08 12:30:43 | INFO | [INFO] Initialized VAFusionExecuter on GPU cuda:0
2025-05-08 12:30:43 | INFO | Start training
2025-05-08 12:30:43 | INFO | Phase 1: Freezing backbone and AST, training only fusion and classifier
2025-05-08 12:37:37 | INFO | MultimodalMixupAugmentation is initialized
2025-05-08 12:37:41 | INFO | [INFO] Initialized VAFusionExecuter on GPU cuda:0
2025-05-08 12:37:41 | INFO | Start training
2025-05-08 12:37:41 | INFO | Phase 1: Freezing backbone and AST, training only fusion and classifier
2025-05-08 15:32:27 | INFO | MultimodalMixupAugmentation is initialized
2025-05-08 15:32:32 | INFO | [INFO] Initialized VAFusionExecuter on GPU cuda:0
2025-05-08 15:32:32 | INFO | Start training
2025-05-08 15:32:32 | INFO | Phase 1: Freezing backbone and AST, training only fusion and classifier
2025-05-08 20:42:29 | INFO | Epoch [1][05:09:57] loss: 0.3060
2025-05-08 20:42:29 | INFO | [INFO] Train mAP: 17.27
2025-05-08 20:42:29 | INFO | [INFO] Train Acc: 88.33
2025-05-08 20:42:29 | INFO | [INFO] Train weighted Accuracy: 88.33
2025-05-08 20:42:29 | INFO | [INFO] Train micro v1 mAP: 44.64
2025-05-08 20:42:29 | INFO | [INFO] Train weighted v1 mAP: 72.29
2025-05-08 21:32:38 | INFO | MultimodalMixupAugmentation is initialized
2025-05-08 21:32:44 | INFO | [INFO] Initialized VAFusionExecuter on GPU cuda:0
2025-05-08 21:32:44 | INFO | Start training
2025-05-08 21:32:44 | INFO | Phase 3: Unfreezing all layers
2025-05-09 06:16:35 | INFO | Epoch [1][08:43:50] loss: 0.2951
2025-05-09 06:16:35 | INFO | [INFO] Train mAP: 18.00
2025-05-09 06:16:35 | INFO | [INFO] Train Acc: 88.93
2025-05-09 06:16:35 | INFO | [INFO] Train weighted Accuracy: 88.93
2025-05-09 06:16:35 | INFO | [INFO] Train micro v1 mAP: 46.85
2025-05-09 06:16:35 | INFO | [INFO] Train weighted v1 mAP: 74.93
2025-05-09 06:50:11 | INFO | [INFO] Class Penalty AP: 4.70
2025-05-09 06:50:11 | INFO | [INFO] Class Kick-off AP: 3.49
2025-05-09 06:50:11 | INFO | [INFO] Class Goal AP: 14.72
2025-05-09 06:50:11 | INFO | [INFO] Class Substitution AP: 18.39
2025-05-09 06:50:11 | INFO | [INFO] Class Offside AP: 4.03
2025-05-09 06:50:11 | INFO | [INFO] Class Shots on target AP: 22.46
2025-05-09 06:50:11 | INFO | [INFO] Class Shots off target AP: 19.06
2025-05-09 06:50:11 | INFO | [INFO] Class Clearance AP: 8.80
2025-05-09 06:50:11 | INFO | [INFO] Class Ball out of play AP: 62.71
2025-05-09 06:50:11 | INFO | [INFO] Class Throw-in AP: 29.42
2025-05-09 06:50:11 | INFO | [INFO] Class Foul AP: 37.18
2025-05-09 06:50:11 | INFO | [INFO] Class Indirect free-kick AP: 12.21
2025-05-09 06:50:11 | INFO | [INFO] Class Direct free-kick AP: 9.19
2025-05-09 06:50:11 | INFO | [INFO] Class Corner AP: 31.48
2025-05-09 06:50:11 | INFO | [INFO] Class Yellow card AP: 7.54
2025-05-09 06:50:11 | INFO | [INFO] Class Red card AP: 0.51
2025-05-09 06:50:11 | INFO | [INFO] Class Yellow->red card AP: 0.25
2025-05-09 06:50:11 | INFO | [INFO] Class Not Event AP: 38.84
2025-05-09 09:37:52 | INFO | MultimodalMixupAugmentation is initialized
2025-05-09 09:39:26 | INFO | MultimodalMixupAugmentation is initialized
2025-05-09 09:41:33 | INFO | MultimodalMixupAugmentation is initialized
2025-05-09 09:42:45 | INFO | MultimodalMixupAugmentation is initialized
2025-05-09 09:43:49 | INFO | MultimodalMixupAugmentation is initialized
2025-05-09 09:43:53 | INFO | [INFO] Initialized VAFusionExecuter on GPU cuda:0
2025-05-09 09:43:53 | INFO | Start training
2025-05-09 09:43:53 | INFO | Phase 3: Unfreezing all layers
2025-05-09 09:49:41 | INFO | MultimodalMixupAugmentation is initialized
2025-05-09 09:49:45 | INFO | [INFO] Initialized VAFusionExecuter on GPU cuda:0
2025-05-09 09:49:45 | INFO | Start training
2025-05-09 09:49:45 | INFO | Phase 3: Unfreezing all layers
2025-05-09 09:54:18 | INFO | MultimodalMixupAugmentation is initialized
2025-05-09 09:54:21 | INFO | [INFO] Initialized VAFusionExecuter on GPU cuda:0
2025-05-09 09:54:21 | INFO | Start training
2025-05-09 09:54:21 | INFO | Phase 3: Unfreezing all layers
2025-05-09 09:57:58 | INFO | MultimodalMixupAugmentation is initialized
2025-05-09 09:58:01 | INFO | [INFO] Initialized VAFusionExecuter on GPU cuda:0
2025-05-09 09:58:01 | INFO | Start training
2025-05-09 09:58:01 | INFO | Phase 3: Unfreezing all layers
2025-05-09 10:01:08 | INFO | MultimodalMixupAugmentation is initialized
2025-05-09 10:01:12 | INFO | [INFO] Initialized VAFusionExecuter on GPU cuda:0
2025-05-09 10:01:12 | INFO | Start training
2025-05-09 10:01:12 | INFO | Phase 3: Unfreezing all layers
2025-05-09 10:03:14 | INFO | MultimodalMixupAugmentation is initialized
2025-05-09 10:03:18 | INFO | [INFO] Initialized VAFusionExecuter on GPU cuda:0
2025-05-09 10:03:18 | INFO | Start training
2025-05-09 10:03:18 | INFO | Phase 3: Unfreezing all layers
2025-05-09 19:11:33 | INFO | Epoch [1][09:08:14] loss: 0.2822
2025-05-09 19:11:33 | INFO | [INFO] Train mAP: 14.87
2025-05-09 19:11:33 | INFO | [INFO] Train Acc: 89.43
2025-05-09 19:11:33 | INFO | [INFO] Train weighted Accuracy: 89.43
2025-05-09 19:11:33 | INFO | [INFO] Train micro v1 mAP: 48.35
2025-05-09 19:11:33 | INFO | [INFO] Train weighted v1 mAP: 81.25
2025-05-09 19:53:42 | INFO | [INFO] Test mAP: 14.78
2025-05-09 19:53:42 | INFO | [INFO] Test Acc: 89.85
2025-05-09 19:53:42 | INFO | [INFO] Test weighted Accuracy: 89.85
2025-05-09 19:53:42 | INFO | [INFO] Test micro v1 mAP: 47.70
2025-05-09 19:53:42 | INFO | [INFO] Test weighted v1 mAP: 84.84
2025-05-09 19:53:42 | INFO | [INFO] New best mAP: 14.78% at epoch 1
2025-05-09 19:53:48 | INFO | [INFO] Model saved to ./best_model_epoch1.pth
2025-05-09 20:34:37 | INFO | MultimodalMixupAugmentation is initialized
2025-05-09 20:35:08 | INFO | [INFO] Initialized VAFusionExecuter on GPU cuda:0
2025-05-09 20:35:08 | INFO | Start training
2025-05-09 20:35:08 | INFO | Phase 3: Unfreezing all layers
2025-05-09 20:39:37 | INFO | MultimodalMixupAugmentation is initialized
2025-05-09 20:39:41 | INFO | [INFO] Initialized VAFusionExecuter on GPU cuda:0
2025-05-09 20:39:41 | INFO | Start training
2025-05-09 20:39:41 | INFO | Phase 3: Unfreezing all layers
2025-05-09 20:47:12 | INFO | MultimodalMixupAugmentation is initialized
2025-05-09 20:47:15 | INFO | [INFO] Initialized VAFusionExecuter on GPU cuda:0
2025-05-09 20:47:15 | INFO | Start training
2025-05-09 20:47:15 | INFO | Phase 3: Unfreezing all layers
2025-05-09 20:52:15 | INFO | MultimodalMixupAugmentation is initialized
2025-05-09 20:52:19 | INFO | [INFO] Initialized VAFusionExecuter on GPU cuda:0
2025-05-09 20:52:19 | INFO | Start training
2025-05-09 20:52:19 | INFO | Phase 3: Unfreezing all layers
2025-05-09 20:53:04 | INFO | MultimodalMixupAugmentation is initialized
2025-05-09 20:53:07 | INFO | [INFO] Initialized VAFusionExecuter on GPU cuda:0
2025-05-09 20:53:07 | INFO | Start training
2025-05-09 20:53:07 | INFO | Phase 3: Unfreezing all layers
2025-05-09 20:57:05 | INFO | MultimodalMixupAugmentation is initialized
2025-05-09 20:57:08 | INFO | [INFO] Initialized VAFusionExecuter on GPU cuda:0
2025-05-09 20:57:08 | INFO | Start training
2025-05-09 20:57:08 | INFO | Phase 3: Unfreezing all layers
2025-05-10 03:21:38 | INFO | Epoch [1][06:24:30] loss: 0.2825
2025-05-10 03:21:38 | INFO | [INFO] Train mAP: 15.35
2025-05-10 03:21:38 | INFO | [INFO] Train Acc: 89.30
2025-05-10 03:21:38 | INFO | [INFO] Train weighted Accuracy: 89.30
2025-05-10 03:21:38 | INFO | [INFO] Train micro v1 mAP: 49.56
2025-05-10 03:21:38 | INFO | [INFO] Train weighted v1 mAP: 83.62
2025-05-10 04:00:10 | INFO | [INFO] Test mAP: 15.02
2025-05-10 04:00:10 | INFO | [INFO] Test Acc: 90.29
2025-05-10 04:00:10 | INFO | [INFO] Test weighted Accuracy: 90.29
2025-05-10 04:00:10 | INFO | [INFO] Test micro v1 mAP: 51.13
2025-05-10 04:00:10 | INFO | [INFO] Test weighted v1 mAP: 86.10
2025-05-10 04:00:10 | INFO | [INFO] New best mAP: 15.02% at epoch 1
2025-05-10 04:00:16 | INFO | [INFO] Model saved to ./best_model_epoch1.pth
2025-05-10 12:51:32 | INFO | Epoch [2][08:51:15] loss: 0.2634
2025-05-10 12:51:32 | INFO | [INFO] Train mAP: 16.00
2025-05-10 12:51:32 | INFO | [INFO] Train Acc: 90.00
2025-05-10 12:51:32 | INFO | [INFO] Train weighted Accuracy: 90.00
2025-05-10 12:51:32 | INFO | [INFO] Train micro v1 mAP: 53.42
2025-05-10 12:51:32 | INFO | [INFO] Train weighted v1 mAP: 86.67
2025-05-10 23:08:04 | INFO | MultimodalMixupAugmentation is initialized
2025-05-10 23:09:13 | INFO | MultimodalMixupAugmentation is initialized
2025-05-10 23:09:18 | INFO | [INFO] Initialized TimeSformerEpochBasedWithAugmentationExecutor on GPU cuda:0
2025-05-10 23:09:18 | INFO | Start training
2025-05-10 23:09:18 | INFO | Unfrozen backbone
2025-05-11 01:29:30 | INFO | MultimodalMixupAugmentation is initialized
2025-05-11 01:29:42 | INFO | [INFO] Initialized TimeSformerEpochBasedWithAugmentationExecutor on GPU cuda:0
2025-05-11 01:29:42 | INFO | Start training
2025-05-11 01:29:42 | INFO | Unfrozen backbone
2025-05-11 06:16:03 | INFO | Epoch [1][04:46:20] loss: 0.2600
2025-05-11 06:39:19 | INFO | [INFO] Test mAP: 16.09
2025-05-11 06:39:19 | INFO | [INFO] Test Acc: 91.35
2025-05-11 06:39:19 | INFO | [INFO] Test weighted Accuracy: 91.35
2025-05-11 06:39:19 | INFO | [INFO] Test micro v1 mAP: 62.26
2025-05-11 06:39:19 | INFO | [INFO] Test weighted v1 mAP: 91.03
2025-05-11 06:39:19 | INFO | [INFO] mAP: 16.09
2025-05-11 06:39:19 | INFO | [INFO] Acc: 91.35
2025-05-11 06:39:19 | INFO | [INFO] weighted Accuracy: 91.35
2025-05-11 06:39:19 | INFO | [INFO] micro v1 mAP: 62.26
2025-05-11 06:39:19 | INFO | [INFO] weighted v1 mAP: 91.03
2025-05-11 11:40:59 | INFO | Epoch [2][05:01:39] loss: 0.2315
2025-05-11 12:14:20 | INFO | [INFO] Test mAP: 16.26
2025-05-11 12:14:20 | INFO | [INFO] Test Acc: 91.75
2025-05-11 12:14:20 | INFO | [INFO] Test weighted Accuracy: 91.75
2025-05-11 12:14:20 | INFO | [INFO] Test micro v1 mAP: 64.55
2025-05-11 12:14:20 | INFO | [INFO] Test weighted v1 mAP: 91.83
2025-05-11 12:14:20 | INFO | [INFO] mAP: 16.26
2025-05-11 12:14:20 | INFO | [INFO] Acc: 91.75
2025-05-11 12:14:20 | INFO | [INFO] weighted Accuracy: 91.75
2025-05-11 12:14:20 | INFO | [INFO] micro v1 mAP: 64.55
2025-05-11 12:14:20 | INFO | [INFO] weighted v1 mAP: 91.83
2025-05-11 12:55:42 | INFO | MultimodalMixupAugmentation is initialized
2025-05-11 12:56:26 | INFO | MultimodalMixupAugmentation is initialized
2025-05-11 12:56:39 | INFO | MultimodalMixupAugmentation is initialized
2025-05-11 12:56:52 | INFO | MultimodalMixupAugmentation is initialized
2025-05-11 12:57:07 | INFO | MultimodalMixupAugmentation is initialized
2025-05-11 12:59:07 | INFO | MultimodalMixupAugmentation is initialized
2025-05-11 13:00:14 | INFO | MultimodalMixupAugmentation is initialized
2025-05-11 13:00:55 | INFO | MultimodalMixupAugmentation is initialized
2025-05-11 13:08:02 | INFO | MultimodalMixupAugmentation is initialized
2025-05-11 13:08:36 | INFO | MultimodalMixupAugmentation is initialized
2025-05-11 13:09:01 | INFO | MultimodalMixupAugmentation is initialized
2025-05-11 13:10:01 | INFO | MultimodalMixupAugmentation is initialized
2025-05-11 13:10:46 | INFO | MultimodalMixupAugmentation is initialized
2025-05-11 13:11:35 | INFO | MultimodalMixupAugmentation is initialized
2025-05-11 13:13:01 | INFO | MultimodalMixupAugmentation is initialized
2025-05-11 13:13:05 | INFO | [INFO] Initialized TimeSformerEpochBasedWithAugmentationExecutor on GPU cuda:0
2025-05-11 13:13:05 | INFO | Start training
2025-05-11 13:13:05 | INFO | Unfrozen backbone
2025-05-11 13:16:36 | INFO | MultimodalMixupAugmentation is initialized
2025-05-11 13:16:41 | INFO | [INFO] Initialized TimeSformerEpochBasedWithAugmentationExecutor on GPU cuda:0
2025-05-11 13:16:41 | INFO | Start training
2025-05-11 13:16:41 | INFO | Unfrozen backbone
2025-05-11 13:19:34 | INFO | MultimodalMixupAugmentation is initialized
2025-05-11 13:19:38 | INFO | [INFO] Initialized TimeSformerEpochBasedWithAugmentationExecutor on GPU cuda:0
2025-05-11 13:19:38 | INFO | Start training
2025-05-11 13:19:38 | INFO | Unfrozen backbone
2025-05-11 13:21:27 | INFO | MultimodalMixupAugmentation is initialized
2025-05-11 13:21:32 | INFO | [INFO] Initialized TimeSformerEpochBasedWithAugmentationExecutor on GPU cuda:0
2025-05-11 13:21:32 | INFO | Start training
2025-05-11 13:21:32 | INFO | Unfrozen backbone
2025-05-11 13:25:07 | INFO | MultimodalMixupAugmentation is initialized
2025-05-11 13:25:11 | INFO | [INFO] Initialized TimeSformerEpochBasedWithAugmentationExecutor on GPU cuda:0
2025-05-11 13:25:11 | INFO | Start training
2025-05-11 13:25:11 | INFO | Unfrozen backbone
2025-05-11 13:39:10 | INFO | MultimodalMixupAugmentation is initialized
2025-05-11 13:39:15 | INFO | [INFO] Initialized TimeSformerEpochBasedWithAugmentationExecutor on GPU cuda:0
2025-05-11 13:39:15 | INFO | Start training
2025-05-11 13:39:15 | INFO | Unfrozen backbone
2025-05-12 11:12:08 | INFO | MultimodalMixupAugmentation is initialized
2025-05-12 11:14:47 | INFO | MultimodalMixupAugmentation is initialized
2025-05-12 11:14:55 | INFO | [INFO] Initialized VAFusionExecuter on GPU cuda:0
2025-05-12 11:14:55 | INFO | Start training
2025-05-12 11:14:55 | INFO | Phase 3: Unfreezing all layers
2025-05-12 11:28:32 | INFO | MultimodalMixupAugmentation is initialized
2025-05-12 11:32:44 | INFO | MultimodalMixupAugmentation is initialized
2025-05-12 11:32:49 | INFO | [INFO] Initialized TimeSformerEpochBasedWithAugmentationExecutor on GPU cuda:0
2025-05-12 11:32:49 | INFO | Start training
2025-05-12 11:32:49 | INFO | Unfrozen backbone
2025-05-12 11:36:11 | INFO | MultimodalMixupAugmentation is initialized
2025-05-12 11:36:17 | INFO | [INFO] Initialized TimeSformerEpochBasedWithAugmentationExecutor on GPU cuda:0
2025-05-12 11:36:17 | INFO | Start training
2025-05-12 11:36:17 | INFO | Unfrozen backbone
2025-05-12 11:40:44 | INFO | MultimodalMixupAugmentation is initialized
2025-05-12 11:40:47 | INFO | [INFO] Initialized TimeSformerEpochBasedWithAugmentationExecutor on GPU cuda:0
2025-05-12 11:40:47 | INFO | Start training
2025-05-12 11:40:47 | INFO | Unfrozen backbone
2025-05-12 11:49:05 | INFO | MultimodalMixupAugmentation is initialized
2025-05-12 11:49:08 | INFO | [INFO] Initialized TimeSformerEpochBasedWithAugmentationExecutor on GPU cuda:0
2025-05-12 11:49:08 | INFO | Start training
2025-05-12 11:49:08 | INFO | Unfrozen backbone
2025-05-12 11:51:20 | INFO | MultimodalMixupAugmentation is initialized
2025-05-12 11:51:23 | INFO | [INFO] Initialized TimeSformerEpochBasedWithAugmentationExecutor on GPU cuda:0
2025-05-12 11:51:23 | INFO | Start training
2025-05-12 11:51:23 | INFO | Unfrozen backbone
2025-05-12 12:01:02 | INFO | MultimodalMixupAugmentation is initialized
2025-05-12 12:01:43 | INFO | MultimodalMixupAugmentation is initialized
2025-05-12 12:01:45 | INFO | [INFO] Initialized TimeSformerEpochBasedWithAugmentationExecutor on GPU cuda:0
2025-05-12 12:01:45 | INFO | Start training
2025-05-12 12:01:45 | INFO | Unfrozen backbone
2025-05-12 12:07:02 | INFO | MultimodalMixupAugmentation is initialized
2025-05-12 12:07:05 | INFO | [INFO] Initialized TimeSformerEpochBasedWithAugmentationExecutor on GPU cuda:0
2025-05-12 12:07:05 | INFO | Start training
2025-05-12 12:07:05 | INFO | Unfrozen backbone
2025-05-12 12:09:54 | INFO | MultimodalMixupAugmentation is initialized
2025-05-12 12:09:57 | INFO | [INFO] Initialized TimeSformerEpochBasedWithAugmentationExecutor on GPU cuda:0
2025-05-12 12:09:57 | INFO | Start training
2025-05-12 12:09:57 | INFO | Unfrozen backbone
2025-05-12 12:21:56 | INFO | MultimodalMixupAugmentation is initialized
2025-05-12 12:22:00 | INFO | [INFO] Initialized TimeSformerEpochBasedWithAugmentationExecutor on GPU cuda:0
2025-05-12 12:22:00 | INFO | Start training
2025-05-12 12:22:00 | INFO | Unfrozen backbone
2025-05-12 12:30:24 | INFO | MultimodalMixupAugmentation is initialized
2025-05-12 12:30:51 | INFO | MultimodalMixupAugmentation is initialized
2025-05-12 12:30:54 | INFO | [INFO] Initialized TimeSformerEpochBasedWithAugmentationExecutor on GPU cuda:0
2025-05-12 12:30:54 | INFO | Start training
2025-05-12 12:30:54 | INFO | Unfrozen backbone
